android/build/intermediates/manifest_merge_blame_file/debug/manifest-merger-blame-debug-report.txt
1<?xml version="1.0" encoding="utf-8"?>
2<manifest xmlns:android="http://schemas.android.com/apk/res/android"
3    package="com.mygdxgame.game"
4    android:versionCode="1"
5    android:versionName="1.0" >
6
7    <uses-sdk
8        android:minSdkVersion="14"
9        android:targetSdkVersion="35" />
10
11    <uses-feature
11-->space-game\android\AndroidManifest.xml:5:5-78
12        android:glEsVersion="0x00020000"
12-->space-game\android\AndroidManifest.xml:5:19-51
13        android:required="true" />
13-->space-game\android\AndroidManifest.xml:5:52-75
14
15    <application
15-->space-game\android\AndroidManifest.xml:7:5-27:19
16        android:allowBackup="true"
16-->space-game\android\AndroidManifest.xml:8:9-35
17        android:appCategory="game"
17-->space-game\android\AndroidManifest.xml:12:9-35
18        android:appComponentFactory="androidx.core.app.CoreComponentFactory"
18-->[androidx.core:core:1.8.0] AndroidManifest.xml:24:18-86
19        android:debuggable="true"
20        android:extractNativeLibs="true"
21        android:fullBackupContent="true"
21-->space-game\android\AndroidManifest.xml:9:9-41
22        android:icon="@drawable/ic_launcher"
22-->space-game\android\AndroidManifest.xml:10:9-45
23        android:isGame="true"
23-->space-game\android\AndroidManifest.xml:11:9-30
24        android:label="@string/app_name"
24-->space-game\android\AndroidManifest.xml:13:9-41
25        android:testOnly="true"
26        android:theme="@style/AppTheme" >
26-->space-game\android\AndroidManifest.xml:14:9-40
27        <activity
27-->space-game\android\AndroidManifest.xml:16:9-26:20
28            android:name="com.mygdxgame.game.AndroidLauncher"
28-->space-game\android\AndroidManifest.xml:17:13-62
29            android:configChanges="keyboard|keyboardHidden|navigation|orientation|screenSize|screenLayout"
29-->space-game\android\AndroidManifest.xml:20:13-107
30            android:exported="true"
30-->space-game\android\AndroidManifest.xml:21:13-36
31            android:label="@string/app_name"
31-->space-game\android\AndroidManifest.xml:18:13-45
32            android:screenOrientation="portrait" >
32-->space-game\android\AndroidManifest.xml:19:13-49
33            <intent-filter>
33-->space-game\android\AndroidManifest.xml:22:13-25:29
34                <action android:name="android.intent.action.MAIN" />
34-->space-game\android\AndroidManifest.xml:23:17-69
34-->space-game\android\AndroidManifest.xml:23:25-66
35
36                <category android:name="android.intent.category.LAUNCHER" />
36-->space-game\android\AndroidManifest.xml:24:17-77
36-->space-game\android\AndroidManifest.xml:24:27-74
37            </intent-filter>
38        </activity>
39    </application>
40
41</manifest>